sinch-rtc-sample-video-screenshot/build/outputs/logs/manifest-merger-debug-report.txt
-- Merging decision tree log ---
provider#androidx.core.content.FileProvider
INJECTED from samples\sinch-rtc-sample-video-screenshot\AndroidManifest.xml:40:9-48:20
	android:grantUriPermissions
		ADDED from samples\sinch-rtc-sample-video-screenshot\AndroidManifest.xml:44:13-47
	android:authorities
		INJECTED from samples\sinch-rtc-sample-video-screenshot\AndroidManifest.xml
		ADDED from samples\sinch-rtc-sample-video-screenshot\AndroidManifest.xml:42:13-60
	android:exported
		ADDED from samples\sinch-rtc-sample-video-screenshot\AndroidManifest.xml:43:13-37
	android:name
		ADDED from samples\sinch-rtc-sample-video-screenshot\AndroidManifest.xml:41:13-62
manifest
ADDED from samples\sinch-rtc-sample-video-screenshot\AndroidManifest.xml:2:1-51:12
INJECTED from samples\sinch-rtc-sample-video-screenshot\AndroidManifest.xml:2:1-51:12
INJECTED from samples\sinch-rtc-sample-video-screenshot\AndroidManifest.xml:2:1-51:12
INJECTED from samples\sinch-rtc-sample-video-screenshot\AndroidManifest.xml:2:1-51:12
MERGED from [:sinch-android-rtc:3.17.4] AndroidManifest.xml:2:1-17:12
MERGED from [androidx.appcompat:appcompat:1.1.0] AndroidManifest.xml:17:1-24:12
MERGED from [androidx.fragment:fragment:1.1.0] AndroidManifest.xml:17:1-24:12
MERGED from [androidx.appcompat:appcompat-resources:1.1.0] AndroidManifest.xml:17:1-24:12
MERGED from [androidx.drawerlayout:drawerlayout:1.0.0] AndroidManifest.xml:17:1-22:12
MERGED from [androidx.viewpager:viewpager:1.0.0] AndroidManifest.xml:17:1-22:12
MERGED from [androidx.loader:loader:1.0.0] AndroidManifest.xml:17:1-22:12
MERGED from [androidx.activity:activity:1.0.0] AndroidManifest.xml:17:1-24:12
MERGED from [androidx.vectordrawable:vectordrawable-animated:1.1.0] AndroidManifest.xml:17:1-24:12
MERGED from [androidx.vectordrawable:vectordrawable:1.1.0] AndroidManifest.xml:17:1-24:12
MERGED from [androidx.customview:customview:1.0.0] AndroidManifest.xml:17:1-22:12
MERGED from [androidx.core:core:1.1.0] AndroidManifest.xml:17:1-26:12
MERGED from [androidx.cursoradapter:cursoradapter:1.0.0] AndroidManifest.xml:17:1-22:12
MERGED from [androidx.versionedparcelable:versionedparcelable:1.1.0] AndroidManifest.xml:17:1-27:12
MERGED from [androidx.lifecycle:lifecycle-runtime:2.1.0] AndroidManifest.xml:17:1-22:12
MERGED from [androidx.lifecycle:lifecycle-viewmodel:2.1.0] AndroidManifest.xml:17:1-22:12
MERGED from [androidx.savedstate:savedstate:1.0.0] AndroidManifest.xml:17:1-24:12
MERGED from [androidx.interpolator:interpolator:1.0.0] AndroidManifest.xml:17:1-22:12
MERGED from [androidx.lifecycle:lifecycle-livedata:2.0.0] AndroidManifest.xml:17:1-22:12
MERGED from [androidx.lifecycle:lifecycle-livedata-core:2.0.0] AndroidManifest.xml:17:1-22:12
MERGED from [androidx.arch.core:core-runtime:2.0.0] AndroidManifest.xml:17:1-22:12
INJECTED from samples\sinch-rtc-sample-video-screenshot\AndroidManifest.xml:2:1-51:12
INJECTED from samples\sinch-rtc-sample-video-screenshot\AndroidManifest.xml:2:1-51:12
INJECTED from samples\sinch-rtc-sample-video-screenshot\AndroidManifest.xml:2:1-51:12
	package
		ADDED from samples\sinch-rtc-sample-video-screenshot\AndroidManifest.xml:3:11-66
		INJECTED from samples\sinch-rtc-sample-video-screenshot\AndroidManifest.xml
		INJECTED from samples\sinch-rtc-sample-video-screenshot\AndroidManifest.xml
	android:versionName
		ADDED from samples\sinch-rtc-sample-video-screenshot\AndroidManifest.xml:5:11-36
		INJECTED from samples\sinch-rtc-sample-video-screenshot\AndroidManifest.xml
		INJECTED from samples\sinch-rtc-sample-video-screenshot\AndroidManifest.xml
	xmlns:android
		ADDED from samples\sinch-rtc-sample-video-screenshot\AndroidManifest.xml:2:11-69
	android:versionCode
		ADDED from samples\sinch-rtc-sample-video-screenshot\AndroidManifest.xml:4:11-34
		INJECTED from samples\sinch-rtc-sample-video-screenshot\AndroidManifest.xml
		INJECTED from samples\sinch-rtc-sample-video-screenshot\AndroidManifest.xml
uses-feature#android.hardware.microphone
ADDED from samples\sinch-rtc-sample-video-screenshot\AndroidManifest.xml:7:5-9:39
	android:required
		ADDED from samples\sinch-rtc-sample-video-screenshot\AndroidManifest.xml:9:13-37
	android:name
		ADDED from samples\sinch-rtc-sample-video-screenshot\AndroidManifest.xml:8:13-55
uses-permission#android.permission.INTERNET
ADDED from samples\sinch-rtc-sample-video-screenshot\AndroidManifest.xml:11:5-66
	android:name
		ADDED from samples\sinch-rtc-sample-video-screenshot\AndroidManifest.xml:11:22-64
uses-permission#android.permission.RECORD_AUDIO
ADDED from samples\sinch-rtc-sample-video-screenshot\AndroidManifest.xml:12:5-70
	android:name
		ADDED from samples\sinch-rtc-sample-video-screenshot\AndroidManifest.xml:12:22-68
uses-permission#android.permission.MODIFY_AUDIO_SETTINGS
ADDED from samples\sinch-rtc-sample-video-screenshot\AndroidManifest.xml:13:5-79
	android:name
		ADDED from samples\sinch-rtc-sample-video-screenshot\AndroidManifest.xml:13:22-77
uses-permission#android.permission.READ_PHONE_STATE
ADDED from samples\sinch-rtc-sample-video-screenshot\AndroidManifest.xml:14:5-74
	android:name
		ADDED from samples\sinch-rtc-sample-video-screenshot\AndroidManifest.xml:14:22-72
uses-permission#android.permission.ACCESS_NETWORK_STATE
ADDED from samples\sinch-rtc-sample-video-screenshot\AndroidManifest.xml:15:5-78
	android:name
		ADDED from samples\sinch-rtc-sample-video-screenshot\AndroidManifest.xml:15:22-76
uses-permission#android.permission.CAMERA
ADDED from samples\sinch-rtc-sample-video-screenshot\AndroidManifest.xml:16:5-64
	android:name
		ADDED from samples\sinch-rtc-sample-video-screenshot\AndroidManifest.xml:16:22-62
uses-permission#android.permission.WRITE_EXTERNAL_STORAGE
ADDED from samples\sinch-rtc-sample-video-screenshot\AndroidManifest.xml:17:5-81
	android:name
		ADDED from samples\sinch-rtc-sample-video-screenshot\AndroidManifest.xml:17:22-78
application
ADDED from samples\sinch-rtc-sample-video-screenshot\AndroidManifest.xml:20:5-49:19
MERGED from [:sinch-android-rtc:3.17.4] AndroidManifest.xml:9:5-15:19
MERGED from [:sinch-android-rtc:3.17.4] AndroidManifest.xml:9:5-15:19
MERGED from [androidx.core:core:1.1.0] AndroidManifest.xml:24:5-89
MERGED from [androidx.core:core:1.1.0] AndroidManifest.xml:24:5-89
MERGED from [androidx.versionedparcelable:versionedparcelable:1.1.0] AndroidManifest.xml:24:5-25:19
MERGED from [androidx.versionedparcelable:versionedparcelable:1.1.0] AndroidManifest.xml:24:5-25:19
	android:appComponentFactory
		ADDED from [androidx.core:core:1.1.0] AndroidManifest.xml:24:18-86
	android:label
		ADDED from samples\sinch-rtc-sample-video-screenshot\AndroidManifest.xml:23:13-45
	android:icon
		ADDED from samples\sinch-rtc-sample-video-screenshot\AndroidManifest.xml:22:13-42
	android:allowBackup
		ADDED from samples\sinch-rtc-sample-video-screenshot\AndroidManifest.xml:21:13-39
	android:theme
		ADDED from samples\sinch-rtc-sample-video-screenshot\AndroidManifest.xml:24:13-44
service#com.sinch.android.rtc.sample.video.screenshot.SinchService
ADDED from samples\sinch-rtc-sample-video-screenshot\AndroidManifest.xml:25:9-57
	android:name
		ADDED from samples\sinch-rtc-sample-video-screenshot\AndroidManifest.xml:25:18-46
activity#com.sinch.android.rtc.sample.video.screenshot.LoginActivity
ADDED from samples\sinch-rtc-sample-video-screenshot\AndroidManifest.xml:26:9-34:20
	android:screenOrientation
		ADDED from samples\sinch-rtc-sample-video-screenshot\AndroidManifest.xml:29:17-53
	android:label
		ADDED from samples\sinch-rtc-sample-video-screenshot\AndroidManifest.xml:28:17-49
	android:name
		ADDED from samples\sinch-rtc-sample-video-screenshot\AndroidManifest.xml:27:17-46
intent-filter#action:name:android.intent.action.MAIN+category:name:android.intent.category.LAUNCHER
ADDED from samples\sinch-rtc-sample-video-screenshot\AndroidManifest.xml:30:13-33:29
action#android.intent.action.MAIN
ADDED from samples\sinch-rtc-sample-video-screenshot\AndroidManifest.xml:31:17-68
	android:name
		ADDED from samples\sinch-rtc-sample-video-screenshot\AndroidManifest.xml:31:25-66
category#android.intent.category.LAUNCHER
ADDED from samples\sinch-rtc-sample-video-screenshot\AndroidManifest.xml:32:17-76
	android:name
		ADDED from samples\sinch-rtc-sample-video-screenshot\AndroidManifest.xml:32:27-74
activity#com.sinch.android.rtc.sample.video.screenshot.CallScreenActivity
ADDED from samples\sinch-rtc-sample-video-screenshot\AndroidManifest.xml:35:9-36:82
	android:configChanges
		ADDED from samples\sinch-rtc-sample-video-screenshot\AndroidManifest.xml:36:19-80
	android:name
		ADDED from samples\sinch-rtc-sample-video-screenshot\AndroidManifest.xml:35:19-53
activity#com.sinch.android.rtc.sample.video.screenshot.IncomingCallScreenActivity
ADDED from samples\sinch-rtc-sample-video-screenshot\AndroidManifest.xml:37:9-38:45
	android:screenOrientation
		ADDED from samples\sinch-rtc-sample-video-screenshot\AndroidManifest.xml:37:62-98
	android:noHistory
		ADDED from samples\sinch-rtc-sample-video-screenshot\AndroidManifest.xml:38:19-43
	android:name
		ADDED from samples\sinch-rtc-sample-video-screenshot\AndroidManifest.xml:37:19-61
activity#com.sinch.android.rtc.sample.video.screenshot.PlaceCallActivity
ADDED from samples\sinch-rtc-sample-video-screenshot\AndroidManifest.xml:39:9-91
	android:screenOrientation
		ADDED from samples\sinch-rtc-sample-video-screenshot\AndroidManifest.xml:39:53-89
	android:name
		ADDED from samples\sinch-rtc-sample-video-screenshot\AndroidManifest.xml:39:19-52
uses-sdk
INJECTED from samples\sinch-rtc-sample-video-screenshot\AndroidManifest.xml reason: use-sdk injection requested
INJECTED from samples\sinch-rtc-sample-video-screenshot\AndroidManifest.xml
INJECTED from samples\sinch-rtc-sample-video-screenshot\AndroidManifest.xml
MERGED from [:sinch-android-rtc:3.17.4] AndroidManifest.xml:7:5-44
MERGED from [:sinch-android-rtc:3.17.4] AndroidManifest.xml:7:5-44
MERGED from [androidx.appcompat:appcompat:1.1.0] AndroidManifest.xml:20:5-22:41
MERGED from [androidx.appcompat:appcompat:1.1.0] AndroidManifest.xml:20:5-22:41
MERGED from [androidx.fragment:fragment:1.1.0] AndroidManifest.xml:20:5-22:41
MERGED from [androidx.fragment:fragment:1.1.0] AndroidManifest.xml:20:5-22:41
MERGED from [androidx.appcompat:appcompat-resources:1.1.0] AndroidManifest.xml:20:5-22:41
MERGED from [androidx.appcompat:appcompat-resources:1.1.0] AndroidManifest.xml:20:5-22:41
MERGED from [androidx.drawerlayout:drawerlayout:1.0.0] AndroidManifest.xml:20:5-44
MERGED from [androidx.drawerlayout:drawerlayout:1.0.0] AndroidManifest.xml:20:5-44
MERGED from [androidx.viewpager:viewpager:1.0.0] AndroidManifest.xml:20:5-44
MERGED from [androidx.viewpager:viewpager:1.0.0] AndroidManifest.xml:20:5-44
MERGED from [androidx.loader:loader:1.0.0] AndroidManifest.xml:20:5-44
MERGED from [androidx.loader:loader:1.0.0] AndroidManifest.xml:20:5-44
MERGED from [androidx.activity:activity:1.0.0] AndroidManifest.xml:20:5-22:41
MERGED from [androidx.activity:activity:1.0.0] AndroidManifest.xml:20:5-22:41
MERGED from [androidx.vectordrawable:vectordrawable-animated:1.1.0] AndroidManifest.xml:20:5-22:41
MERGED from [androidx.vectordrawable:vectordrawable-animated:1.1.0] AndroidManifest.xml:20:5-22:41
MERGED from [androidx.vectordrawable:vectordrawable:1.1.0] AndroidManifest.xml:20:5-22:41
MERGED from [androidx.vectordrawable:vectordrawable:1.1.0] AndroidManifest.xml:20:5-22:41
MERGED from [androidx.customview:customview:1.0.0] AndroidManifest.xml:20:5-44
MERGED from [androidx.customview:customview:1.0.0] AndroidManifest.xml:20:5-44
MERGED from [androidx.core:core:1.1.0] AndroidManifest.xml:20:5-22:41
MERGED from [androidx.core:core:1.1.0] AndroidManifest.xml:20:5-22:41
MERGED from [androidx.cursoradapter:cursoradapter:1.0.0] AndroidManifest.xml:20:5-44
MERGED from [androidx.cursoradapter:cursoradapter:1.0.0] AndroidManifest.xml:20:5-44
MERGED from [androidx.versionedparcelable:versionedparcelable:1.1.0] AndroidManifest.xml:20:5-22:41
MERGED from [androidx.versionedparcelable:versionedparcelable:1.1.0] AndroidManifest.xml:20:5-22:41
MERGED from [androidx.lifecycle:lifecycle-runtime:2.1.0] AndroidManifest.xml:20:5-44
MERGED from [androidx.lifecycle:lifecycle-runtime:2.1.0] AndroidManifest.xml:20:5-44
MERGED from [androidx.lifecycle:lifecycle-viewmodel:2.1.0] AndroidManifest.xml:20:5-44
MERGED from [androidx.lifecycle:lifecycle-viewmodel:2.1.0] AndroidManifest.xml:20:5-44
MERGED from [androidx.savedstate:savedstate:1.0.0] AndroidManifest.xml:20:5-22:41
MERGED from [androidx.savedstate:savedstate:1.0.0] AndroidManifest.xml:20:5-22:41
MERGED from [androidx.interpolator:interpolator:1.0.0] AndroidManifest.xml:20:5-44
MERGED from [androidx.interpolator:interpolator:1.0.0] AndroidManifest.xml:20:5-44
MERGED from [androidx.lifecycle:lifecycle-livedata:2.0.0] AndroidManifest.xml:20:5-44
MERGED from [androidx.lifecycle:lifecycle-livedata:2.0.0] AndroidManifest.xml:20:5-44
MERGED from [androidx.lifecycle:lifecycle-livedata-core:2.0.0] AndroidManifest.xml:20:5-44
MERGED from [androidx.lifecycle:lifecycle-livedata-core:2.0.0] AndroidManifest.xml:20:5-44
MERGED from [androidx.arch.core:core-runtime:2.0.0] AndroidManifest.xml:20:5-44
MERGED from [androidx.arch.core:core-runtime:2.0.0] AndroidManifest.xml:20:5-44
INJECTED from samples\sinch-rtc-sample-video-screenshot\AndroidManifest.xml
INJECTED from samples\sinch-rtc-sample-video-screenshot\AndroidManifest.xml
	android:targetSdkVersion
		INJECTED from samples\sinch-rtc-sample-video-screenshot\AndroidManifest.xml
		ADDED from samples\sinch-rtc-sample-video-screenshot\AndroidManifest.xml
		INJECTED from samples\sinch-rtc-sample-video-screenshot\AndroidManifest.xml
	android:minSdkVersion
		INJECTED from samples\sinch-rtc-sample-video-screenshot\AndroidManifest.xml
		ADDED from samples\sinch-rtc-sample-video-screenshot\AndroidManifest.xml
		INJECTED from samples\sinch-rtc-sample-video-screenshot\AndroidManifest.xml
meta-data#android.support.FILE_PROVIDER_PATHS
ADDED from samples\sinch-rtc-sample-video-screenshot\AndroidManifest.xml:45:13-47:57
	android:resource
		ADDED from samples\sinch-rtc-sample-video-screenshot\AndroidManifest.xml:47:17-55
	android:name
		ADDED from samples\sinch-rtc-sample-video-screenshot\AndroidManifest.xml:46:17-67
service#com.sinch.android.rtc.internal.client.fcm.InstanceIDTokenService
ADDED from [:sinch-android-rtc:3.17.4] AndroidManifest.xml:10:9-14:19
	android:name
		ADDED from [:sinch-android-rtc:3.17.4] AndroidManifest.xml:10:18-97
intent-filter#action:name:com.google.firebase.INSTANCE_ID_EVENT
ADDED from [:sinch-android-rtc:3.17.4] AndroidManifest.xml:11:13-13:29
action#com.google.firebase.INSTANCE_ID_EVENT
ADDED from [:sinch-android-rtc:3.17.4] AndroidManifest.xml:12:17-80
	android:name
		ADDED from [:sinch-android-rtc:3.17.4] AndroidManifest.xml:12:25-77